From 203290b17734556c62fe8b177e9d9de322604b43 Mon Sep 17 00:00:00 2001
From: stakiar <stakiar@cloudera.com>
Date: Fri, 28 Jul 2017 11:32:04 -0700
Subject: [PATCH 1218/1363] CLOUDERA-BUILD: CDH-57201: Re-generate
 spark_vectorized_dynamic_partition_pruning.q.out

Change-Id: If01548b3176ed95a0e887a7cfd90b3f95fd7fa5e
---
 ...park_vectorized_dynamic_partition_pruning.q.out |   33 +-------------------
 1 file changed, 1 insertion(+), 32 deletions(-)

diff --git a/ql/src/test/results/clientpositive/spark/spark_vectorized_dynamic_partition_pruning.q.out b/ql/src/test/results/clientpositive/spark/spark_vectorized_dynamic_partition_pruning.q.out
index 1576b23..8f6bad3 100644
--- a/ql/src/test/results/clientpositive/spark/spark_vectorized_dynamic_partition_pruning.q.out
+++ b/ql/src/test/results/clientpositive/spark/spark_vectorized_dynamic_partition_pruning.q.out
@@ -4914,8 +4914,7 @@ POSTHOOK: query: EXPLAIN select count(*) from srcpart_date left join srcpart on
 POSTHOOK: type: QUERY
 STAGE DEPENDENCIES:
   Stage-2 is a root stage
-  Stage-3 depends on stages: Stage-2
-  Stage-1 depends on stages: Stage-3
+  Stage-1 depends on stages: Stage-2
   Stage-0 depends on stages: Stage-1
 
 STAGE PLANS:
@@ -4923,36 +4922,6 @@ STAGE PLANS:
     Spark
 #### A masked pattern was here ####
       Vertices:
-        Map 4 
-            Map Operator Tree:
-                TableScan
-                  alias: srcpart_date
-                  filterExpr: (date = '2008-04-08') (type: boolean)
-                  Statistics: Num rows: 2 Data size: 376 Basic stats: COMPLETE Column stats: NONE
-                  Filter Operator
-                    predicate: (date = '2008-04-08') (type: boolean)
-                    Statistics: Num rows: 1 Data size: 188 Basic stats: COMPLETE Column stats: NONE
-                    Select Operator
-                      expressions: ds (type: string)
-                      outputColumnNames: _col0
-                      Statistics: Num rows: 1 Data size: 188 Basic stats: COMPLETE Column stats: NONE
-                      Group By Operator
-                        keys: _col0 (type: string)
-                        mode: hash
-                        outputColumnNames: _col0
-                        Statistics: Num rows: 1 Data size: 188 Basic stats: COMPLETE Column stats: NONE
-                        Spark Partition Pruning Sink Operator
-                          partition key expr: ds
-#### A masked pattern was here ####
-                          Statistics: Num rows: 1 Data size: 188 Basic stats: COMPLETE Column stats: NONE
-                          target column name: ds
-                          target work: Map 3
-            Execution mode: vectorized
-
-  Stage: Stage-3
-    Spark
-#### A masked pattern was here ####
-      Vertices:
         Map 3 
             Map Operator Tree:
                 TableScan
-- 
1.7.9.5

